  connection_win.cpp
  Discord.cpp
  discord_register_win.cpp
  discord_rpc.cpp
  rpc_connection.cpp
  serialization.cpp
  imgui.cpp
  imgui_demo.cpp
  imgui_draw.cpp
  imgui_impl_dx9.cpp
  imgui_impl_win32.cpp
  imgui_tables.cpp
  imgui_tricks.cpp
C:\Users\lunar\Desktop\XWorm\XWorm V5.2\ClientsFolder\212A6D5BD236DC1C0EDA\Spoofer\Loader\Logic - Loader\Loader\ImGui\imgui_tricks.hpp(42,22): warning C4267: 'initializing': conversion from 'size_t' to 'int', possible loss of data
  (compiling source file 'ImGui/imgui_tricks.cpp')
  
C:\Users\lunar\Desktop\XWorm\XWorm V5.2\ClientsFolder\212A6D5BD236DC1C0EDA\Spoofer\Loader\Logic - Loader\Loader\ImGui\imgui_tricks.hpp(81,33): warning C4838: conversion from 'float' to 'int' requires a narrowing conversion
  (compiling source file 'ImGui/imgui_tricks.cpp')
  
C:\Users\lunar\Desktop\XWorm\XWorm V5.2\ClientsFolder\212A6D5BD236DC1C0EDA\Spoofer\Loader\Logic - Loader\Loader\ImGui\imgui_tricks.hpp(81,33): warning C4244: 'initializing': conversion from 'float' to 'int', possible loss of data
  (compiling source file 'ImGui/imgui_tricks.cpp')
  
C:\Users\lunar\Desktop\XWorm\XWorm V5.2\ClientsFolder\212A6D5BD236DC1C0EDA\Spoofer\Loader\Logic - Loader\Loader\ImGui\imgui_tricks.hpp(81,49): warning C4838: conversion from 'float' to 'int' requires a narrowing conversion
  (compiling source file 'ImGui/imgui_tricks.cpp')
  
C:\Users\lunar\Desktop\XWorm\XWorm V5.2\ClientsFolder\212A6D5BD236DC1C0EDA\Spoofer\Loader\Logic - Loader\Loader\ImGui\imgui_tricks.hpp(81,49): warning C4244: 'initializing': conversion from 'float' to 'int', possible loss of data
  (compiling source file 'ImGui/imgui_tricks.cpp')
  
C:\Users\lunar\Desktop\XWorm\XWorm V5.2\ClientsFolder\212A6D5BD236DC1C0EDA\Spoofer\Loader\Logic - Loader\Loader\ImGui\imgui_tricks.hpp(81,66): warning C4838: conversion from 'float' to 'int' requires a narrowing conversion
  (compiling source file 'ImGui/imgui_tricks.cpp')
  
C:\Users\lunar\Desktop\XWorm\XWorm V5.2\ClientsFolder\212A6D5BD236DC1C0EDA\Spoofer\Loader\Logic - Loader\Loader\ImGui\imgui_tricks.hpp(81,66): warning C4244: 'initializing': conversion from 'float' to 'int', possible loss of data
  (compiling source file 'ImGui/imgui_tricks.cpp')
  
C:\Users\lunar\Desktop\XWorm\XWorm V5.2\ClientsFolder\212A6D5BD236DC1C0EDA\Spoofer\Loader\Logic - Loader\Loader\ImGui\imgui_tricks.hpp(81,82): warning C4838: conversion from 'float' to 'int' requires a narrowing conversion
  (compiling source file 'ImGui/imgui_tricks.cpp')
  
C:\Users\lunar\Desktop\XWorm\XWorm V5.2\ClientsFolder\212A6D5BD236DC1C0EDA\Spoofer\Loader\Logic - Loader\Loader\ImGui\imgui_tricks.hpp(81,82): warning C4244: 'initializing': conversion from 'float' to 'int', possible loss of data
  (compiling source file 'ImGui/imgui_tricks.cpp')
  
C:\Users\lunar\Desktop\XWorm\XWorm V5.2\ClientsFolder\212A6D5BD236DC1C0EDA\Spoofer\Loader\Logic - Loader\Loader\ImGui\imgui_tricks.cpp(21,23): warning C4244: '+=': conversion from 'const float' to '_Ty2', possible loss of data
C:\Users\lunar\Desktop\XWorm\XWorm V5.2\ClientsFolder\212A6D5BD236DC1C0EDA\Spoofer\Loader\Logic - Loader\Loader\ImGui\imgui_tricks.cpp(21,23): warning C4244:         with
C:\Users\lunar\Desktop\XWorm\XWorm V5.2\ClientsFolder\212A6D5BD236DC1C0EDA\Spoofer\Loader\Logic - Loader\Loader\ImGui\imgui_tricks.cpp(21,23): warning C4244:         [
C:\Users\lunar\Desktop\XWorm\XWorm V5.2\ClientsFolder\212A6D5BD236DC1C0EDA\Spoofer\Loader\Logic - Loader\Loader\ImGui\imgui_tricks.cpp(21,23): warning C4244:             _Ty2=int
C:\Users\lunar\Desktop\XWorm\XWorm V5.2\ClientsFolder\212A6D5BD236DC1C0EDA\Spoofer\Loader\Logic - Loader\Loader\ImGui\imgui_tricks.cpp(21,23): warning C4244:         ]
C:\Users\lunar\Desktop\XWorm\XWorm V5.2\ClientsFolder\212A6D5BD236DC1C0EDA\Spoofer\Loader\Logic - Loader\Loader\ImGui\imgui_tricks.cpp(25,23): warning C4244: '-=': conversion from 'const float' to '_Ty2', possible loss of data
C:\Users\lunar\Desktop\XWorm\XWorm V5.2\ClientsFolder\212A6D5BD236DC1C0EDA\Spoofer\Loader\Logic - Loader\Loader\ImGui\imgui_tricks.cpp(25,23): warning C4244:         with
C:\Users\lunar\Desktop\XWorm\XWorm V5.2\ClientsFolder\212A6D5BD236DC1C0EDA\Spoofer\Loader\Logic - Loader\Loader\ImGui\imgui_tricks.cpp(25,23): warning C4244:         [
C:\Users\lunar\Desktop\XWorm\XWorm V5.2\ClientsFolder\212A6D5BD236DC1C0EDA\Spoofer\Loader\Logic - Loader\Loader\ImGui\imgui_tricks.cpp(25,23): warning C4244:             _Ty2=int
C:\Users\lunar\Desktop\XWorm\XWorm V5.2\ClientsFolder\212A6D5BD236DC1C0EDA\Spoofer\Loader\Logic - Loader\Loader\ImGui\imgui_tricks.cpp(25,23): warning C4244:         ]
C:\Users\lunar\Desktop\XWorm\XWorm V5.2\ClientsFolder\212A6D5BD236DC1C0EDA\Spoofer\Loader\Logic - Loader\Loader\ImGui\imgui_tricks.cpp(28,25): error C2039: 'clamp': is not a member of 'std'
  C:\Program Files\Microsoft Visual Studio\2022\Community\VC\Tools\MSVC\14.38.33130\include\algorithm(81,1):
  see declaration of 'std'
  
C:\Users\lunar\Desktop\XWorm\XWorm V5.2\ClientsFolder\212A6D5BD236DC1C0EDA\Spoofer\Loader\Logic - Loader\Loader\ImGui\imgui_tricks.cpp(28,25): error C3861: 'clamp': identifier not found
C:\Users\lunar\Desktop\XWorm\XWorm V5.2\ClientsFolder\212A6D5BD236DC1C0EDA\Spoofer\Loader\Logic - Loader\Loader\ImGui\imgui_tricks.cpp(54,25): error C2039: 'clamp': is not a member of 'std'
  C:\Program Files\Microsoft Visual Studio\2022\Community\VC\Tools\MSVC\14.38.33130\include\algorithm(81,1):
  see declaration of 'std'
  
C:\Users\lunar\Desktop\XWorm\XWorm V5.2\ClientsFolder\212A6D5BD236DC1C0EDA\Spoofer\Loader\Logic - Loader\Loader\ImGui\imgui_tricks.cpp(54,25): error C3861: 'clamp': identifier not found
C:\Users\lunar\Desktop\XWorm\XWorm V5.2\ClientsFolder\212A6D5BD236DC1C0EDA\Spoofer\Loader\Logic - Loader\Loader\ImGui\imgui_tricks.cpp(86,27): error C2039: 'clamp': is not a member of 'std'
  C:\Program Files\Microsoft Visual Studio\2022\Community\VC\Tools\MSVC\14.38.33130\include\algorithm(81,1):
  see declaration of 'std'
  
C:\Users\lunar\Desktop\XWorm\XWorm V5.2\ClientsFolder\212A6D5BD236DC1C0EDA\Spoofer\Loader\Logic - Loader\Loader\ImGui\imgui_tricks.cpp(86,27): error C3861: 'clamp': identifier not found
C:\Users\lunar\Desktop\XWorm\XWorm V5.2\ClientsFolder\212A6D5BD236DC1C0EDA\Spoofer\Loader\Logic - Loader\Loader\ImGui\imgui_tricks.cpp(87,27): error C2039: 'clamp': is not a member of 'std'
  C:\Program Files\Microsoft Visual Studio\2022\Community\VC\Tools\MSVC\14.38.33130\include\algorithm(81,1):
  see declaration of 'std'
  
C:\Users\lunar\Desktop\XWorm\XWorm V5.2\ClientsFolder\212A6D5BD236DC1C0EDA\Spoofer\Loader\Logic - Loader\Loader\ImGui\imgui_tricks.cpp(87,27): error C3861: 'clamp': identifier not found
  imgui_widgets.cpp
C:\Users\lunar\Desktop\XWorm\XWorm V5.2\ClientsFolder\212A6D5BD236DC1C0EDA\Spoofer\Loader\Logic - Loader\Loader\ImGui\imgui_widgets.cpp(53,16): error C7525: inline variables require at least '/std:c++17'
C:\Users\lunar\Desktop\XWorm\XWorm V5.2\ClientsFolder\212A6D5BD236DC1C0EDA\Spoofer\Loader\Logic - Loader\Loader\ImGui\imgui_widgets.cpp(55,16): error C7525: inline variables require at least '/std:c++17'
C:\Users\lunar\Desktop\XWorm\XWorm V5.2\ClientsFolder\212A6D5BD236DC1C0EDA\Spoofer\Loader\Logic - Loader\Loader\ImGui\imgui_widgets.cpp(57,16): error C7525: inline variables require at least '/std:c++17'
C:\Users\lunar\Desktop\XWorm\XWorm V5.2\ClientsFolder\212A6D5BD236DC1C0EDA\Spoofer\Loader\Logic - Loader\Loader\ImGui\imgui_widgets.cpp(4807,187): warning C4244: 'argument': conversion from 'float' to 'ImDrawFlags', possible loss of data
  imgui_custom.cpp
C:\Users\lunar\Desktop\XWorm\XWorm V5.2\ClientsFolder\212A6D5BD236DC1C0EDA\Spoofer\Loader\Logic - Loader\Loader\includes.h(15,1): warning C4005: 'UNICODE': macro redefinition
  (compiling source file 'imgui_custom.cpp')
  C:\Users\lunar\Desktop\XWorm\XWorm V5.2\ClientsFolder\212A6D5BD236DC1C0EDA\Spoofer\Loader\Logic - Loader\Loader\includes.h(15,1):
  'UNICODE' previously declared on the command line
  
C:\Users\lunar\Desktop\XWorm\XWorm V5.2\ClientsFolder\212A6D5BD236DC1C0EDA\Spoofer\Loader\Logic - Loader\Loader\includes.h(30,10): error C1083: Cannot open include file: 'd3dx9.h': No such file or directory
  (compiling source file 'imgui_custom.cpp')
  
  main.cpp
C:\Users\lunar\Desktop\XWorm\XWorm V5.2\ClientsFolder\212A6D5BD236DC1C0EDA\Spoofer\Loader\Logic - Loader\Loader\includes.h(15,1): warning C4005: 'UNICODE': macro redefinition
  (compiling source file 'main.cpp')
  C:\Users\lunar\Desktop\XWorm\XWorm V5.2\ClientsFolder\212A6D5BD236DC1C0EDA\Spoofer\Loader\Logic - Loader\Loader\includes.h(15,1):
  'UNICODE' previously declared on the command line
  
C:\Users\lunar\Desktop\XWorm\XWorm V5.2\ClientsFolder\212A6D5BD236DC1C0EDA\Spoofer\Loader\Logic - Loader\Loader\includes.h(30,10): error C1083: Cannot open include file: 'd3dx9.h': No such file or directory
  (compiling source file 'main.cpp')
  
  Menu.cpp
C:\Users\lunar\Desktop\XWorm\XWorm V5.2\ClientsFolder\212A6D5BD236DC1C0EDA\Spoofer\Loader\Logic - Loader\Loader\includes.h(15,1): warning C4005: 'UNICODE': macro redefinition
  (compiling source file 'Menu.cpp')
  C:\Users\lunar\Desktop\XWorm\XWorm V5.2\ClientsFolder\212A6D5BD236DC1C0EDA\Spoofer\Loader\Logic - Loader\Loader\includes.h(15,1):
  'UNICODE' previously declared on the command line
  
C:\Users\lunar\Desktop\XWorm\XWorm V5.2\ClientsFolder\212A6D5BD236DC1C0EDA\Spoofer\Loader\Logic - Loader\Loader\includes.h(30,10): error C1083: Cannot open include file: 'd3dx9.h': No such file or directory
  (compiling source file 'Menu.cpp')
  
  RunPE.cpp
C:\Users\lunar\Desktop\XWorm\XWorm V5.2\ClientsFolder\212A6D5BD236DC1C0EDA\Spoofer\Loader\Logic - Loader\Loader\includes.h(15,1): warning C4005: 'UNICODE': macro redefinition
  (compiling source file 'RunPE.cpp')
  C:\Users\lunar\Desktop\XWorm\XWorm V5.2\ClientsFolder\212A6D5BD236DC1C0EDA\Spoofer\Loader\Logic - Loader\Loader\includes.h(15,1):
  'UNICODE' previously declared on the command line
  
C:\Users\lunar\Desktop\XWorm\XWorm V5.2\ClientsFolder\212A6D5BD236DC1C0EDA\Spoofer\Loader\Logic - Loader\Loader\includes.h(30,10): error C1083: Cannot open include file: 'd3dx9.h': No such file or directory
  (compiling source file 'RunPE.cpp')
  
  stdafx.cpp
  updater.cpp
C:\Users\lunar\Desktop\XWorm\XWorm V5.2\ClientsFolder\212A6D5BD236DC1C0EDA\Spoofer\Loader\Logic - Loader\Loader\updater.cpp(64,11): warning C4477: 'wprintf' : format string '%s' requires an argument of type 'wchar_t *', but variadic argument 1 has type 'DWORD'
C:\Users\lunar\Desktop\XWorm\XWorm V5.2\ClientsFolder\212A6D5BD236DC1C0EDA\Spoofer\Loader\Logic - Loader\Loader\updater.cpp(64,11): warning C4313: 'wprintf': '%s' in format string conflicts with argument 1 of type 'DWORD'
C:\Users\lunar\Desktop\XWorm\XWorm V5.2\ClientsFolder\212A6D5BD236DC1C0EDA\Spoofer\Loader\Logic - Loader\Loader\updater.cpp(118,3): error C4996: 'sprintf': This function or variable may be unsafe. Consider using sprintf_s instead. To disable deprecation, use _CRT_SECURE_NO_WARNINGS. See online help for details.
C:\Users\lunar\Desktop\XWorm\XWorm V5.2\ClientsFolder\212A6D5BD236DC1C0EDA\Spoofer\Loader\Logic - Loader\Loader\updater.cpp(163,12): warning C4477: 'wprintf' : format string '%s' requires an argument of type 'wchar_t *', but variadic argument 1 has type 'ATL::CStringT<wchar_t,ATL::StrTraitATL<wchar_t,ATL::ChTraitsCRT<wchar_t>>>'
C:\Users\lunar\Desktop\XWorm\XWorm V5.2\ClientsFolder\212A6D5BD236DC1C0EDA\Spoofer\Loader\Logic - Loader\Loader\updater.cpp(167,13): warning C4477: 'wprintf' : format string '%s' requires an argument of type 'wchar_t *', but variadic argument 1 has type 'ATL::CString'
C:\Users\lunar\Desktop\XWorm\XWorm V5.2\ClientsFolder\212A6D5BD236DC1C0EDA\Spoofer\Loader\Logic - Loader\Loader\updater.cpp(167,13): warning C4477: 'wprintf' : format string '%s' requires an argument of type 'wchar_t *', but variadic argument 2 has type 'ATL::CStringT<wchar_t,ATL::StrTraitATL<wchar_t,ATL::ChTraitsCRT<wchar_t>>>'
C:\Users\lunar\Desktop\XWorm\XWorm V5.2\ClientsFolder\212A6D5BD236DC1C0EDA\Spoofer\Loader\Logic - Loader\Loader\updater.cpp(170,14): warning C4477: 'wprintf' : format string '%s' requires an argument of type 'wchar_t *', but variadic argument 1 has type 'ATL::CString'
C:\Users\lunar\Desktop\XWorm\XWorm V5.2\ClientsFolder\212A6D5BD236DC1C0EDA\Spoofer\Loader\Logic - Loader\Loader\updater.cpp(180,12): warning C4477: 'wprintf' : format string '%s' requires an argument of type 'wchar_t *', but variadic argument 1 has type 'ATL::CStringT<wchar_t,ATL::StrTraitATL<wchar_t,ATL::ChTraitsCRT<wchar_t>>>'
C:\Users\lunar\Desktop\XWorm\XWorm V5.2\ClientsFolder\212A6D5BD236DC1C0EDA\Spoofer\Loader\Logic - Loader\Loader\updater.cpp(191,12): warning C4477: 'wprintf' : format string '%s' requires an argument of type 'wchar_t *', but variadic argument 1 has type 'ATL::CStringT<wchar_t,ATL::StrTraitATL<wchar_t,ATL::ChTraitsCRT<wchar_t>>>'
C:\Users\lunar\Desktop\XWorm\XWorm V5.2\ClientsFolder\212A6D5BD236DC1C0EDA\Spoofer\Loader\Logic - Loader\Loader\updater.cpp(196,12): warning C4477: 'wprintf' : format string '%s' requires an argument of type 'wchar_t *', but variadic argument 1 has type 'ATL::CStringT<wchar_t,ATL::StrTraitATL<wchar_t,ATL::ChTraitsCRT<wchar_t>>>'
C:\Users\lunar\Desktop\XWorm\XWorm V5.2\ClientsFolder\212A6D5BD236DC1C0EDA\Spoofer\Loader\Logic - Loader\Loader\updater.cpp(260,10): warning C4477: 'wprintf' : format string '%s' requires an argument of type 'wchar_t *', but variadic argument 1 has type 'ATL::CString'
C:\Users\lunar\Desktop\XWorm\XWorm V5.2\ClientsFolder\212A6D5BD236DC1C0EDA\Spoofer\Loader\Logic - Loader\Loader\updater.cpp(262,10): warning C4477: 'wprintf' : format string '%s' requires an argument of type 'wchar_t *', but variadic argument 1 has type 'ATL::CString'
C:\Users\lunar\Desktop\XWorm\XWorm V5.2\ClientsFolder\212A6D5BD236DC1C0EDA\Spoofer\Loader\Logic - Loader\Loader\updater.cpp(283,11): warning C4477: 'wprintf' : format string '%s' requires an argument of type 'wchar_t *', but variadic argument 1 has type 'ATL::CString'
C:\Users\lunar\Desktop\XWorm\XWorm V5.2\ClientsFolder\212A6D5BD236DC1C0EDA\Spoofer\Loader\Logic - Loader\Loader\updater.cpp(287,12): warning C4477: 'wprintf' : format string '%s' requires an argument of type 'wchar_t *', but variadic argument 1 has type 'ATL::CString'
C:\Users\lunar\Desktop\XWorm\XWorm V5.2\ClientsFolder\212A6D5BD236DC1C0EDA\Spoofer\Loader\Logic - Loader\Loader\updater.cpp(292,12): warning C4477: 'wprintf' : format string '%s' requires an argument of type 'wchar_t *', but variadic argument 1 has type 'ATL::CString'
C:\Users\lunar\Desktop\XWorm\XWorm V5.2\ClientsFolder\212A6D5BD236DC1C0EDA\Spoofer\Loader\Logic - Loader\Loader\updater.cpp(297,11): warning C4477: 'wprintf' : format string '%s' requires an argument of type 'wchar_t *', but variadic argument 1 has type 'ATL::CString'
  Generating Code...
